<?xml version="1.0" encoding="UTF-8"?>
<!-- Generated by org.testng.reporters.JUnitReportReporter -->
<testsuite name="com.rocketmiles.search.SearchTests" tests="2" time="43.637" ignored="0" failures="0" timestamp="14 Feb 2017 06:17:29 GMT" skipped="0" hostname="DESKTOP-JHM3523" errors="0">
  <testcase name="testTopLocationsSearches" time="21.955" classname="com.rocketmiles.search.SearchTests"/>
  <testcase name="testCurrentLocationSearch" time="21.682" classname="com.rocketmiles.search.SearchTests"/>
</testsuite> <!-- com.rocketmiles.search.SearchTests -->
